     1 00000000                                 ; hello-os
     2 00000000                                 ; TAB=4
     3 00000000                                 
     4 00000000                                 ; 标准FAT12格式软盘专用的代码 Stand FAT12 format floppy code
     5                                                  ORG     0x7c00
     6 00007C00 EB 4E                                   JMP     entry
     7 00007C02 90                                      DB      0x90
     8 00007C03 48 45 4C 4C 4F 49 50 4C                 DB      "HELLOIPL"      ; 启动扇区名称（8字节）
     9 00007C0B 0200                                    DW      512             ; 每个扇区（sector）大小（必须512字节）
    10 00007C0D 01                                      DB      1               ; 簇（cluster）大小（必须为1个扇区）
    11 00007C0E 0001                                    DW      1               ; FAT起始位置（一般为第一个扇区）
    12 00007C10 02                                      DB      2               ; FAT个数（必须为2）
    13 00007C11 00E0                                    DW      224             ; 根目录大小（一般为224项）
    14 00007C13 0B40                                    DW      2880            ; 该磁盘大小（必须为2880扇区1440*1024/512）
    15 00007C15 F0                                      DB      0xf0            ; 磁盘类型（必须为0xf0）
    16 00007C16 0009                                    DW      9               ; FAT的长度（必须是9扇区）
    17 00007C18 0012                                    DW      18              ; 一个磁道（track）有几个扇区（必须为18）
    18 00007C1A 0002                                    DW      2               ; 磁头数（必须是2）
    19 00007C1C 00000000                                DD      0               ; 不使用分区，必须是0
    20 00007C20 00000B40                                DD      2880            ; 重写一次磁盘大小
    21 00007C24                                 
    22 00007C24                                         ; 书中作者说原因不明的两行代码我查到了，see https://www.ntfs.cocdm/fat-partition-sector.htm
    23 00007C24 00                                      DB      0               ; BPB_Physical_Disk_Number    DB   (This is related to the BIOS physical disk number. Floppy drives are numbered starting with 0x00 for the A disk. Physical hard disks are numbered starting with 0x80. The value is typically 0x80 for hard disks, regardless of how many physical disk drives exist, because the value is only relevant if the device is the startup disk.)
    24 00007C25 00                                      DB      0               ; BPB_Current_Head            DB   (Not used by FAT file system)
    25 00007C26 29                                      DB      0x29            ; BPB_Signature               DB   (Must be either 0x28 or 0x29 in order to be recognized by Windows NT.)
    26 00007C27 FFFFFFFF                                DD      0xffffffff      ; BPB_Volume_Serial_Number    DD
    27 00007C2B                                 
    28 00007C2B                                 
    29 00007C2B                                 
    30 00007C2B 48 45 4C 4C 4F 2D 4F 53 20 20           DB      "HELLO-OS   "   ; 磁盘的名称（必须为11字节，不足填空格）
       00007C35 20 
    31 00007C36 46 41 54 31 32 20 20 20                 DB      "FAT12   "      ; 磁盘格式名称（必须是8字节，不足填空格）
    32 00007C3E 00 00 00 00 00 00 00 00 00 00           RESB    18              ; 先空出18字节
       00007C48 00 00 00 00 00 00 00 00 
    33 00007C50                                 
    34 00007C50                                 ; 程序主体
    35 00007C50                                 
    36 00007C50                                 entry:
    37 00007C50 B8 0000                         		MOV		AX,0			; 初始化寄存器
    38 00007C53 8E D0                           		MOV		SS,AX
    39 00007C55 BC 7C00                         		MOV		SP,0x7c00
    40 00007C58 8E D8                           		MOV		DS,AX
    41 00007C5A                                 ; 读取磁盘
    42 00007C5A B8 0820                         		MOV		AX,0x0820
    43 00007C5D 8E C0                           		MOV		ES,AX
    44 00007C5F B5 00                           		MOV		CH,0			; 柱面0
    45 00007C61 B6 00                           		MOV		DH,0			; 磁头0
    46 00007C63 B1 02                           		MOV		CL,2		    	; 读取第2个扇区
    47 00007C65 B4 02                           		MOV		AH,0x02			; AH=0x02 : 读取磁盘
    48 00007C67 B0 01                           		MOV		AL,1			; AL=1 : 读取第1个扇区
    49 00007C69 BB 0000                         		MOV		BX,0
    50 00007C6C B2 00                           		MOV		DL,0x00			; DL=0x00 : 读取第1个簇(A驱动器)
    51 00007C6E CD 13                           		INT		0x13			; 读取磁盘
    52 00007C70 72 03                           		JC		error
    53 00007C72                                 
    54 00007C72                                 fin:
    55 00007C72 F4                              		HLT			
    56 00007C73 EB FD                           		JMP		fin
    57 00007C75                                 
    58 00007C75                                 error:
    59 00007C75 BE 7C8A                         		MOV		SI,msg
    60 00007C78                                 putloop:
    61 00007C78 8A 04                           		MOV		AL,[SI]
    62 00007C7A 83 C6 01                        		ADD		SI,1			
    63 00007C7D 3C 00                           		CMP		AL,0
    64 00007C7F 74 F1                           		JE		fin
    65 00007C81 B4 0E                           		MOV		AH,0x0e			
    66 00007C83 BB 000F                         		MOV		BX,15			
    67 00007C86 CD 10                           		INT		0x10			
    68 00007C88 EB EE                           		JMP		putloop
    69 00007C8A                                 msg:
    70 00007C8A 0A 0A                           		DB		0x0a, 0x0a		
    71 00007C8C 6C 6F 61 64 20 65 72 72 6F 72   		DB		"load error"
    72 00007C96 0A                              		DB		0x0a			
    73 00007C97 00                              		DB		0
    74 00007C98 00 00 00 00 00 00 00 00 00 00   		RESB	0x7dfe-$		
       00007CA2 00 00 00 00 00 00 00 00 00 00 
       00007CAC 00 00 00 00 00 00 00 00 00 00 
       00007CB6 00 00 00 00 00 00 00 00 00 00 
       00007CC0 00 00 00 00 00 00 00 00 00 00 
       00007CCA 00 00 00 00 00 00 00 00 00 00 
       00007CD4 00 00 00 00 00 00 00 00 00 00 
       00007CDE 00 00 00 00 00 00 00 00 00 00 
       00007CE8 00 00 00 00 00 00 00 00 00 00 
       00007CF2 00 00 00 00 00 00 00 00 00 00 
       00007CFC 00 00 00 00 00 00 00 00 00 00 
       00007D06 00 00 00 00 00 00 00 00 00 00 
       00007D10 00 00 00 00 00 00 00 00 00 00 
       00007D1A 00 00 00 00 00 00 00 00 00 00 
       00007D24 00 00 00 00 00 00 00 00 00 00 
       00007D2E 00 00 00 00 00 00 00 00 00 00 
       00007D38 00 00 00 00 00 00 00 00 00 00 
       00007D42 00 00 00 00 00 00 00 00 00 00 
       00007D4C 00 00 00 00 00 00 00 00 00 00 
       00007D56 00 00 00 00 00 00 00 00 00 00 
       00007D60 00 00 00 00 00 00 00 00 00 00 
       00007D6A 00 00 00 00 00 00 00 00 00 00 
       00007D74 00 00 00 00 00 00 00 00 00 00 
       00007D7E 00 00 00 00 00 00 00 00 00 00 
       00007D88 00 00 00 00 00 00 00 00 00 00 
       00007D92 00 00 00 00 00 00 00 00 00 00 
       00007D9C 00 00 00 00 00 00 00 00 00 00 
       00007DA6 00 00 00 00 00 00 00 00 00 00 
       00007DB0 00 00 00 00 00 00 00 00 00 00 
       00007DBA 00 00 00 00 00 00 00 00 00 00 
       00007DC4 00 00 00 00 00 00 00 00 00 00 
       00007DCE 00 00 00 00 00 00 00 00 00 00 
       00007DD8 00 00 00 00 00 00 00 00 00 00 
       00007DE2 00 00 00 00 00 00 00 00 00 00 
       00007DEC 00 00 00 00 00 00 00 00 00 00 
       00007DF6 00 00 00 00 00 00 00 00 
    75 00007DFE 55 AA                           		DB		0x55, 0xaa
